<?xml version="1.0" encoding="UTF-8"?>
<!-- Generated by org.testng.reporters.JUnitReportReporter -->
<testsuite hostname="AdityaGupta-FVFG3XDTQ05D" failures="0" tests="1" name="com.browserstack.FirstTest" time="44.243" errors="0" timestamp="2023-07-07T14:21:19 IST" skipped="0">
  <testcase classname="com.browserstack.FirstTest" name="testWiki" time="44.243"/>
</testsuite> <!-- com.browserstack.FirstTest -->
